 <1%) overhead. 
       Both:      4.38 MB capacity,   140.60 KB (  3%) used,     4.24 MB ( 97%) free+waste,   128 bytes ( <1%) overhead. 

Virtual space:
  Non-class space:        8.00 MB reserved,       4.00 MB ( 50%) committed 
      Class space:        1.00 GB reserved,     384.00 KB ( <1%) committed 
             Both:        1.01 GB reserved,       4.38 MB ( <1%) committed 

Chunk freelists:
   Non-Class:  0 bytes
       Class:  0 bytes
        Both:  0 bytes

CodeHeap 'non-profiled nmethods': size=120064Kb used=17Kb max_used=17Kb free=120046Kb
 bounds [0x0000006a0b8a0000, 0x0000006a0bb10000, 0x0000006a12de0000]
CodeHeap 'profiled nmethods': size=120000Kb used=97Kb max_used=97Kb free=119902Kb
 bounds [0x0000006a04370000, 0x0000006a045e0000, 0x0000006a0b8a0000]
CodeHeap 'non-nmethods': size=5696Kb used=996Kb max_used=1004Kb free=4699Kb
 bounds [0x0000006a03de0000, 0x0000006a04050000, 0x0000006a04370000]
 total_blobs=360 nmethods=70 adapters=155
 compilation: enabled
              stopped_count=0, restarted_count=0
 full_count=0

Compilation events (10 events):
Event: 0.046 Thread 0x0000006a7f2a3800   55       3       jdk.internal.module.ModuleReferenceImpl::hashCode (56 bytes)
Event: 0.047 Thread 0x0000006a7f2a3800 nmethod 55 0x0000006a04386f10 code [0x0000006a04387100, 0x0000006a043875f0]
Event: 0.047 Thread 0x0000006a7f2a3800   69       3       java.util.HashSet::add (20 bytes)
Event: 0.047 Thread 0x0000006a7f2a3800 nmethod 69 0x0000006a04387790 code [0x0000006a04387980, 0x0000006a04387e60]
Event: 0.047 Thread 0x0000006a7f2a3800   70       3       java.lang.module.ModuleDescriptor$Exports::isQualified (18 bytes)
Event: 0.047 Thread 0x0000006a7f2a3800 nmethod 70 0x0000006a04388010 code [0x0000006a043881e0, 0x0000006a04388490]
Event: 0.047 Thread 0x0000006a7f2a3800   66       1       java.lang.module.ModuleDescriptor$Exports::targets (5 bytes)
Event: 0.047 Thread 0x0000006a7f2a3800 nmethod 66 0x0000006a0b8a3e10 code [0x0000006a0b8a3fc0, 0x0000006a0b8a40f8]
Event: 0.047 Thread 0x0000006a7f2a3800   68       1       java.lang.module.ModuleDescriptor::isAutomatic (5 bytes)
Event: 0.047 Thread 0x0000006a7f2a3800 nmethod 68 0x0000006a0b8a4190 code [0x0000006a0b8a4340, 0x0000006a0b8a4478]

GC Heap History (0 events):
No events

Deoptimization events (0 events):
No events

Classes redefined (0 events):
No events

Internal exceptions (0 events):
No events

Events (8 events):
Event: 0.014 Thread 0x0000006a7deb7800 Thread added: 0x0000006a7deb7800
Event: 0.016 Thread 0x0000006a7f272800 Thread added: 0x0000006a7f272800
Event: 0.016 Thread 0x0000006a7f274000 Thread added: 0x0000006a7f274000
Event: 0.023 Thread 0x0000006a7f28d800 Thread added: 0x0000006a7f28d800
Event: 0.023 Thread 0x0000006a7f290800 Thread added: 0x0000006a7f290800
Event: 0.023 Thread 0x0000006a7f293000 Thread added: 0x0000006a7f293000
Event: 0.024 Thread 0x0000006a7f2a3800 Thread added: 0x0000006a7f2a3800
Event: 0.024 Thread 0x0000006a7f2d1000 Thread added: 0x0000006a7f2d1000


Dynamic libraries:
0x000007f7db9c0000 - 0x000007f7dba07000 	C:\Program Files\JetBrains\IntelliJ IDEA 2019.2.3\jbr\bin\java.exe
0x000007ffc9a80000 - 0x000007ffc9c3d000 	C:\Windows\SYSTEM32\ntdll.dll
0x000007ffc76c0000 - 0x000007ffc77f7000 	C:\Windows\system32\KERNEL32.DLL
0x000007ffc6b50000 - 0x000007ffc6c44000 	C:\Windows\system32\KERNELBASE.dll
0x000007ffc8220000 - 0x000007ffc836c000 	C:\Windows\system32\USER32.dll
0x000007ffc2f60000 - 0x000007ffc31ca000 	C:\Windows\WinSxS\amd64_microsoft.windows.common-controls_6595b64144ccf1df_6.0.9200.17359_none_4188b989718cf1c6\COMCTL32.dll
0x000007ffc6ff0000 - 0x000007ffc7131000 	C:\Windows\system32\GDI32.dll
0x000007ffc6f40000 - 0x000007ffc6fe5000 	C:\Windows\system32\msvcrt.dll
0x000007ffc7cb0000 - 0x000007ffc7ce9000 	C:\Windows\system32\IMM32.DLL
0x000007ffc7b90000 - 0x000007ffc7ca5000 	C:\Windows\system32\MSCTF.dll
0x000007ffb7eb0000 - 0x000007ffb7ec7000 	C:\Program Files\JetBrains\IntelliJ IDEA 2019.2.3\jbr\bin\vcruntime140.dll
0x000007ffba040000 - 0x000007ffba044000 	C:\Program Files\JetBrains\IntelliJ IDEA 2019.2.3\jbr\bin\api-ms-win-crt-runtime-l1-1-0.dll
0x000007ffb7ea0000 - 0x000007ffb7ea4000 	C:\Program Files\JetBrains\IntelliJ IDEA 2019.2.3\jbr\bin\api-ms-win-crt-string-l1-1-0.dll
0x000007ffb7e90000 - 0x000007ffb7e93000 	C:\Program Files\JetBrains\IntelliJ IDEA 2019.2.3\jbr\bin\api-ms-win-crt-heap-l1-1-0.dll
0x000007ffb7e80000 - 0x000007ffb7e84000 	C:\Program Files\JetBrains\IntelliJ IDEA 2019.2.3\jbr\bin\api-ms-win-crt-stdio-l1-1-0.dll
0x000007ffb7e70000 - 0x000007ffb7e74000 	C:\Program Files\JetBrains\IntelliJ IDEA 2019.2.3\jbr\bin\api-ms-win-crt-convert-l1-1-0.dll
0x000007ffb5c50000 - 0x000007ffb5d4a000 	C:\Program Files\JetBrains\IntelliJ IDEA 2019.2.3\jbr\bin\ucrtbase.DLL
0x000007ffb2640000 - 0x000007ffb26dd000 	C:\Program Files\JetBrains\IntelliJ IDEA 2019.2.3\jbr\bin\msvcp140.dll
0x000007ffb7e60000 - 0x000007ffb7e63000 	C:\Program Files\JetBrains\IntelliJ IDEA 2019.2.3\jbr\bin\api-ms-win-crt-locale-l1-1-0.dll
0x000007ffb7e50000 - 0x000007ffb7e55000 	C:\Program Files\JetBrains\IntelliJ IDEA 2019.2.3\jbr\bin\api-ms-win-crt-math-l1-1-0.dll
0x000007ffb7dd0000 - 0x000007ffb7dd5000 	C:\Program Files\JetBrains\IntelliJ IDEA 2019.2.3\jbr\bin\api-ms-win-crt-multibyte-l1-1-0.dll
0x000007ffb7dc0000 - 0x000007ffb7dc3000 	C:\Program Files\JetBrains\IntelliJ IDEA 2019.2.3\jbr\bin\api-ms-win-crt-time-l1-1-0.dll
0x000007ffb7910000 - 0x000007ffb7913000 	C:\Program Files\JetBrains\IntelliJ IDEA 2019.2.3\jbr\bin\api-ms-win-crt-filesystem-l1-1-0.dll
0x000007ffb7900000 - 0x000007ffb7903000 	C:\Program Files\JetBrains\IntelliJ IDEA 2019.2.3\jbr\bin\api-ms-win-crt-environment-l1-1-0.dll
0x000007ffb78f0000 - 0x000007ffb78f3000 	C:\Program Files\JetBrains\IntelliJ IDEA 2019.2.3\jbr\bin\api-ms-win-crt-utility-l1-1-0.dll
0x000007ffb5e20000 - 0x000007ffb68d8000 	C:\Program Files\JetBrains\IntelliJ IDEA 2019.2.3\jbr\bin\server\jvm.dll
0x000007ffc6e50000 - 0x000007ffc6f2e000 	C:\Windows\system32\ADVAPI32.dll
0x000007ffc40a0000 - 0x000007ffc40a9000 	C:\Windows\SYSTEM32\WSOCK32.dll
0x000007ffc1a10000 - 0x000007ffc1a30000 	C:\Windows\SYSTEM32\WINMM.dll
0x000007ffc4eb0000 - 0x000007ffc4eb9000 	C:\Windows\SYSTEM32\VERSION.dll
0x000007ffc9a70000 - 0x000007ffc9a77000 	C:\Windows\system32\PSAPI.DLL
0x000007ffc9a20000 - 0x000007ffc9a68000 	C:\Windows\SYSTEM32\sechost.dll
0x000007ffc98d0000 - 0x000007ffc9a15000 	C:\Windows\system32\RPCRT4.dll
0x000007ffc7af0000 - 0x000007ffc7b48000 	C:\Windows\system32\WS2_32.dll
0x000007ffc19d0000 - 0x000007ffc1a03000 	C:\Windows\SYSTEM32\WINMMBASE.dll
0x000007ffc6f30000 - 0x000007ffc6f39000 	C:\Windows\system32\NSI.dll
0x000007ffc6b00000 - 0x000007ffc6b4f000 	C:\Windows\SYSTEM32\cfgmgr32.dll
0x000007ffc6ad0000 - 0x000007ffc6af2000 	C:\Windows\system32\DEVOBJ.dll
0x000007ffc3ca0000 - 0x000007ffc3cb1000 	C:\Program Files\JetBrains\IntelliJ IDEA 2019.2.3\jbr\bin\verify.dll
0x000007ffb1320000 - 0x000007ffb1483000 	C:\Windows\SYSTEM32\DBGHELP.DLL
0x000007ffc2880000 - 0x000007ffc28a9000 	C:\Program Files\JetBrains\IntelliJ IDEA 2019.2.3\jbr\bin\java.dll
0x000007ffc3c50000 - 0x000007ffc3c67000 	C:\Program Files\JetBrains\IntelliJ IDEA 2019.2.3\jbr\bin\zip.dll
0x000007ffc3c90000 - 0x000007ffc3c9b000 	C:\Program Files\JetBrains\IntelliJ IDEA 2019.2.3\jbr\bin\jimage.dll
0x000007ffc83e0000 - 0x000007ffc96c5000 	C:\Windows\system32\SHELL32.dll
0x000007ffc9720000 - 0x000007ffc98d0000 	C:\Windows\SYSTEM32\combase.dll
0x000007ffc96d0000 - 0x000007ffc9720000 	C:\Windows\system32\SHLWAPI.dll
0x000007ffc33c0000 - 0x000007ffc3456000 	C:\Windows\SYSTEM32\SHCORE.dll
0x000007ffc69a0000 - 0x000007ffc69b5000 	C:\Windows\system32\profapi.dll

dbghelp: loaded successfully - version: 4.0.5 - missing functions: none
symbol engine: initialized successfully - sym options: 0x614 - pdb path: (cannot be retrieved)

VM Arguments:
java_command: org.jetbrains.git4idea.http.GitAskPassApp Username for 'https://github.com': 
java_class_path (initial): C:/Program Files/JetBrains/IntelliJ IDEA 2019.2.3/plugins/git4idea/lib/git4idea-rt.jar;C:/Program Files/JetBrains/IntelliJ IDEA 2019.2.3/lib/xmlrpc-2.0.1.jar;C:/Program Files/JetBrains/IntelliJ IDEA 2019.2.3/lib/commons-codec-1.13.jar;C:/Program Files/JetBrains/IntelliJ IDEA 2019.2.3/lib/util.jar
Launcher Type: SUN_STANDARD


[error occurred during error reporting (printing flags), id 0xe0000001, Out of Memory Error (c:/BuildAgent/work/5ff2f6c26000d570/src/hotspot/share/memory/allocation.cpp:46)]

Logging:
Log output configuration:
 #0: stdout all=warning uptime,level,tags
 #1: stderr all=off uptime,level,tags

Environment Variables:
PATH=C:/Program Files/Git/mingw64/libexec/git-core;C:/Program Files/Git/mingw64/libexec/git-core;C:\Program Files\Git\mingw64\bin;C:\Program Files\Git\usr\bin;C:\Users\ִלטענטי\bin;C:\Program Files (x86)\Common Files\Oracle\Java\javapath;C:\PROGRA~2\Borland\CBUILD~1\Bin;C:\PROGRA~2\Borland\CBUILD~1\Projects\Bpl;C:\Inprise\vbroker\bin;C:\Program Files (x86)\Skype\Phone\;%QUARTUS_ROOTDIR%\bin;C:\Program Files\Git\cmd
USERNAME=ִלטענטי
DISPLAY=:0.0
OS=Windows_NT
PROCESSOR_IDENTIFIER=Intel64 Family 6 Model 58 Stepping 9, GenuineIntel



---------------  S Y S T E M  ---------------

OS: Windows 8 , 64 bit Build 9200 (6.2.9200.16859)

CPU:total 4 (initial active 4) (2 cores per cpu, 2 threads per core) family 6 model 58 stepping 9, cmov, cx8, fxsr, mmx, sse, sse2, sse3, ssse3, sse4.1, sse4.2, popcnt, avx, aes, clmul, erms, ht, tsc, tscinvbit, tscinv

Memory: 4k page, system-wide physical 6036M (1113M free)
TotalPageFile size 8036M (AvailPageFile size 4M)
current process WorkingSet (physical memory assigned to process): 26M, peak: 26M
current process commit charge ("private bytes"): 168M, peak: 168M

vm_info: OpenJDK 64-Bit Server VM (11.0.4+10-b304.69) for windows-amd64 JRE (11.0.4+10-b304.69), built on Sep  9 2019 11:39:50 by "" with MS VC++ 14.0 (VS2015)

END.
